# JRE version: OpenJDK Runtime Environment (11.0.11+9) (build 11.0.11+9-b60-7590822)
# Java VM: OpenJDK 64-Bit Server VM (11.0.11+9-b60-7590822, mixed mode, tiered, compressed oops, g1 gc, windows-amd64)
Heap:
 garbage-first heap   total 187392K, used 161105K [0x0000000080000000, 0x0000000100000000)
  region size 1024K, 14 young (14336K), 2 survivors (2048K)
 Metaspace       used 122241K, capacity 126377K, committed 126548K, reserved 1159168K
  class space    used 15193K, capacity 16604K, committed 16640K, reserved 1048576K
GC Heap History (20 events):
Event: 4914.003 GC heap after
{Heap after GC invocations=100 (full 0):
 garbage-first heap   total 187392K, used 147141K [0x0000000080000000, 0x0000000100000000)
  region size 1024K, 2 young (2048K), 2 survivors (2048K)
 Metaspace       used 120478K, capacity 124201K, committed 124500K, reserved 1157120K
  class space    used 14994K, capacity 16307K, committed 16384K, reserved 1048576K
}
Event: 4915.591 GC heap before
{Heap before GC invocations=100 (full 0):
 garbage-first heap   total 187392K, used 159429K [0x0000000080000000, 0x0000000100000000)
  region size 1024K, 14 young (14336K), 2 survivors (2048K)
 Metaspace       used 120677K, capacity 124533K, committed 124756K, reserved 1157120K
  class space    used 15014K, capacity 16345K, committed 16384K, reserved 1048576K
}
Event: 4915.606 GC heap after
{Heap after GC invocations=101 (full 0):
 garbage-first heap   total 187392K, used 149878K [0x0000000080000000, 0x0000000100000000)
  region size 1024K, 2 young (2048K), 2 survivors (2048K)
 Metaspace       used 120677K, capacity 124533K, committed 124756K, reserved 1157120K
  class space    used 15014K, capacity 16345K, committed 16384K, reserved 1048576K
}
Event: 4916.045 GC heap before
{Heap before GC invocations=101 (full 0):
 garbage-first heap   total 187392K, used 160118K [0x0000000080000000, 0x0000000100000000)
  region size 1024K, 13 young (13312K), 2 survivors (2048K)
 Metaspace       used 120701K, capacity 124534K, committed 124756K, reserved 1157120K
  class space    used 15014K, capacity 16345K, committed 16384K, reserved 1048576K
}
Event: 4916.066 GC heap after
{Heap after GC invocations=102 (full 0):
 garbage-first heap   total 187392K, used 151698K [0x0000000080000000, 0x0000000100000000)
  region size 1024K, 2 young (2048K), 2 survivors (2048K)
 Metaspace       used 120701K, capacity 124534K, committed 124756K, reserved 1157120K
  class space    used 15014K, capacity 16345K, committed 16384K, reserved 1048576K
}
Event: 4916.578 GC heap before
{Heap before GC invocations=102 (full 0):
 garbage-first heap   total 187392K, used 160914K [0x0000000080000000, 0x0000000100000000)
  region size 1024K, 12 young (12288K), 2 survivors (2048K)
 Metaspace       used 120711K, capacity 124537K, committed 124756K, reserved 1157120K
  class space    used 15015K, capacity 16346K, committed 16384K, reserved 1048576K
}
Event: 4916.588 GC heap after
{Heap after GC invocations=103 (full 0):
 garbage-first heap   total 187392K, used 152278K [0x0000000080000000, 0x0000000100000000)
  region size 1024K, 1 young (1024K), 1 survivors (1024K)
 Metaspace       used 120711K, capacity 124537K, committed 124756K, reserved 1157120K
  class space    used 15015K, capacity 16346K, committed 16384K, reserved 1048576K
}
Event: 4917.590 GC heap before
{Heap before GC invocations=104 (full 0):
 garbage-first heap   total 187392K, used 161494K [0x0000000080000000, 0x0000000100000000)
  region size 1024K, 11 young (11264K), 1 survivors (1024K)
 Metaspace       used 120735K, capacity 124543K, committed 124756K, reserved 1157120K
  class space    used 15015K, capacity 16347K, committed 16384K, reserved 1048576K
}
Event: 4917.595 GC heap after
{Heap after GC invocations=105 (full 0):
 garbage-first heap   total 187392K, used 152629K [0x0000000080000000, 0x0000000100000000)
  region size 1024K, 2 young (2048K), 2 survivors (2048K)
 Metaspace       used 120735K, capacity 124543K, committed 124756K, reserved 1157120K
  class space    used 15015K, capacity 16347K, committed 16384K, reserved 1048576K
}
Event: 4956.755 GC heap before
{Heap before GC invocations=105 (full 0):
 garbage-first heap   total 187392K, used 158773K [0x0000000080000000, 0x0000000100000000)
  region size 1024K, 9 young (9216K), 2 survivors (2048K)
 Metaspace       used 120741K, capacity 124549K, committed 124756K, reserved 1157120K
  class space    used 15016K, capacity 16348K, committed 16384K, reserved 1048576K
}
Event: 4956.796 GC heap after
{Heap after GC invocations=106 (full 0):
 garbage-first heap   total 187392K, used 143764K [0x0000000080000000, 0x0000000100000000)
  region size 1024K, 1 young (1024K), 1 survivors (1024K)
 Metaspace       used 120741K, capacity 124549K, committed 124756K, reserved 1157120K
  class space    used 15016K, capacity 16348K, committed 16384K, reserved 1048576K
}
Event: 4959.017 GC heap before
{Heap before GC invocations=106 (full 0):
 garbage-first heap   total 187392K, used 157076K [0x0000000080000000, 0x0000000100000000)
  region size 1024K, 15 young (15360K), 1 survivors (1024K)
 Metaspace       used 121431K, capacity 125435K, committed 125652K, reserved 1159168K
  class space    used 15096K, capacity 16444K, committed 16512K, reserved 1048576K
}
Event: 4959.033 GC heap after
{Heap after GC invocations=107 (full 0):
 garbage-first heap   total 187392K, used 146141K [0x0000000080000000, 0x0000000100000000)
  region size 1024K, 2 young (2048K), 2 survivors (2048K)
 Metaspace       used 121431K, capacity 125435K, committed 125652K, reserved 1159168K
  class space    used 15096K, capacity 16444K, committed 16512K, reserved 1048576K
}
Event: 4959.381 GC heap before
{Heap before GC invocations=107 (full 0):
 garbage-first heap   total 187392K, used 159453K [0x0000000080000000, 0x0000000100000000)
  region size 1024K, 15 young (15360K), 2 survivors (2048K)
 Metaspace       used 121435K, capacity 125435K, committed 125652K, reserved 1159168K
  class space    used 15096K, capacity 16444K, committed 16512K, reserved 1048576K
}
Event: 4959.397 GC heap after
{Heap after GC invocations=108 (full 0):
 garbage-first heap   total 187392K, used 147978K [0x0000000080000000, 0x0000000100000000)
  region size 1024K, 2 young (2048K), 2 survivors (2048K)
 Metaspace       used 121435K, capacity 125435K, committed 125652K, reserved 1159168K
  class space    used 15096K, capacity 16444K, committed 16512K, reserved 1048576K
}
Event: 4960.569 GC heap before
{Heap before GC invocations=109 (full 0):
 garbage-first heap   total 187392K, used 160266K [0x0000000080000000, 0x0000000100000000)
  region size 1024K, 14 young (14336K), 2 survivors (2048K)
 Metaspace       used 121755K, capacity 125915K, committed 126036K, reserved 1159168K
  class space    used 15128K, capacity 16536K, committed 16640K, reserved 1048576K
}
Event: 4960.583 GC heap after
{Heap after GC invocations=110 (full 0):
 garbage-first heap   total 187392K, used 149053K [0x0000000080000000, 0x0000000100000000)
  region size 1024K, 2 young (2048K), 2 survivors (2048K)
 Metaspace       used 121755K, capacity 125915K, committed 126036K, reserved 1159168K
  class space    used 15128K, capacity 16536K, committed 16640K, reserved 1048576K
}
Event: 4961.427 GC heap before
{Heap before GC invocations=110 (full 0):
 garbage-first heap   total 187392K, used 156221K [0x0000000080000000, 0x0000000100000000)
  region size 1024K, 9 young (9216K), 2 survivors (2048K)
 Metaspace       used 122204K, capacity 126377K, committed 126548K, reserved 1159168K
  class space    used 15187K, capacity 16604K, committed 16640K, reserved 1048576K
}
Event: 4961.443 GC heap after
{Heap after GC invocations=111 (full 0):
 garbage-first heap   total 187392K, used 148817K [0x0000000080000000, 0x0000000100000000)
  region size 1024K, 2 young (2048K), 2 survivors (2048K)
 Metaspace       used 122204K, capacity 126377K, committed 126548K, reserved 1159168K
  class space    used 15187K, capacity 16604K, committed 16640K, reserved 1048576K
}
Event: 4961.978 GC heap before
{Heap before GC invocations=111 (full 0):
 garbage-first heap   total 187392K, used 161105K [0x0000000080000000, 0x0000000100000000)
  region size 1024K, 14 young (14336K), 2 survivors (2048K)
 Metaspace       used 122241K, capacity 126377K, committed 126548K, reserved 1159168K
  class space    used 15193K, capacity 16604K, committed 16640K, reserved 1048576K
}

